This is LuaHBTeX, Version 1.12.0 (TeX Live 2020/Arch Linux)  (format=lualatex 2020.11.8)  18 DEC 2020 16:02
 restricted system commands enabled.
 file:line:error style messages enabled.
**whenaxiomsfall.tex
(./whenaxiomsfall.tex
LaTeX2e <2020-02-02> patch level 5
Lua module: luaotfload-main 2020-05-06 3.14 luaotfload entry point
Lua module: luaotfload-init 2020-05-06 3.14 luaotfload submodule / initializatio
n
Lua module: lualibs 2020-05-01 2.71 ConTeXt Lua standard libraries.
Lua module: lualibs-extended 2020-05-01 2.71 ConTeXt Lua libraries -- extended c
ollection.
Lua module: luaotfload-log 2020-05-06 3.14 luaotfload submodule / logging
Lua module: luaotfload-parsers 2020-05-06 3.14 luaotfload submodule / filelist
Lua module: luaotfload-configuration 2020-05-06 3.14 luaotfload submodule / conf
ig file reader
luaotfload | conf : Root cache directory is "/home/fredericb/.texlive/texmf-var/
luatex-cache/generic-dev/names".
luaotfload | init : Loading fontloader "fontloader-2020-05-06.lua" from kpse-res
olved path "/usr/share/texmf-dist/tex/luatex/luaotfload/fontloader-2020-05-06.lu
a".
Lua-only attribute luaotfload@noligature = 1
Lua-only attribute luaotfload@syllabe = 2
luaotfload | init : Context OpenType loader version 0x1.8e353f7ced917p+1
Lua module: luaotfload-fallback 2020-05-06 3.14 luaotfload submodule / fallback
Lua module: luaotfload-multiscript 2020-05-06 3.14 luaotfload submodule / multis
cript
Lua module: luaotfload-script 2020-05-06 3.14 luaotfload submodule / Script help
ers
Inserting `luaotfload.node_processor' at position 1 in `pre_linebreak_filter'.
Inserting `luaotfload.node_processor' at position 1 in `hpack_filter'.
Lua module: luaotfload-loaders 2020-05-06 3.14 luaotfload submodule / callback h
andling
Inserting `luaotfload.define_font' at position 1 in `define_font'.
Lua module: luaotfload-database 2020-05-06 3.14 luaotfload submodule / database
Lua module: luaotfload-unicode 2020-05-06 3.14 luaotfload submodule / Unicode he
lpers
Lua module: luaotfload-colors 2020-05-06 3.14 luaotfload submodule / color
Lua-only attribute luaotfload_color_attribute = 3
Lua module: luaotfload-resolvers 2020-05-06 3.14 luaotfload submodule / resolver
s
luaotfload | conf : Root cache directory is "/home/fredericb/.texlive/texmf-var/
luatex-cache/generic-dev/names".
Lua module: luaotfload-features 2020-05-06 3.14 luaotfload submodule / features
Lua module: luaotfload-harf-define 2020-05-06 3.14 luaotfload submodule / databa
se
Inserting `luaotfload.harf.strip_prefix' at position 1 in `find_opentype_file'.
Inserting `luaotfload.harf.strip_prefix' at position 1 in `find_truetype_file'.
Lua module: luaotfload-harf-plug 2020-05-06 3.14 luaotfload submodule / database
Inserting `Harf pre_output_filter callback' at position 1 in `pre_output_filter'
.
Inserting `Harf wrapup_run callback' at position 1 in `wrapup_run'.
Inserting `Harf finish_pdffile callback' at position 1 in `finish_pdffile'.
Inserting `Harf glyph_info callback' at position 1 in `glyph_info'.
Lua module: luaotfload-letterspace 2020-05-06 3.14 luaotfload submodule / color
Lua module: luaotfload-embolden 2020-05-06 3.14 luaotfload submodule / color
Lua module: luaotfload-notdef 2020-05-06 3.14 luaotfload submodule / color
Lua module: luaotfload-suppress 2020-05-06 3.14 luaotfload submodule / suppress
Lua module: luaotfload-szss 2020-05-06 3.14 luaotfload submodule / color
Lua module: luaotfload-auxiliary 2020-05-06 3.14 luaotfload submodule / auxiliar
y functions
Inserting `luaotfload.aux.set_sscale_dimens' at position 1 in `luaotfload.patch_
font'.
Inserting `luaotfload.aux.set_font_index' at position 2 in `luaotfload.patch_fon
t'.
Inserting `luaotfload.aux.patch_cambria_domh' at position 3 in `luaotfload.patch
_font'.
Inserting `luaotfload.aux.fixup_fontdata' at position 1 in `luaotfload.patch_fon
t_unsafe'.
Inserting `luaotfload.aux.set_capheight' at position 4 in `luaotfload.patch_font
'.
Inserting `luaotfload.aux.set_xheight' at position 5 in `luaotfload.patch_font'.
Lua module: luaotfload-tounicode 2020-05-06 3.14 luaotfload submodule / tounicod
e
Inserting `luaotfload.rewrite_fontname' at position 6 in `luaotfload.patch_font'
. L3 programming layer <2020-06-03>
(/usr/share/texmf-dist/tex/latex/base/article.cls
Document Class: article 2019/12/20 v1.4l Standard LaTeX document class
(/usr/share/texmf-dist/tex/latex/base/size10.clo
File: size10.clo 2019/12/20 v1.4l Standard LaTeX file (size option)
luaotfload | db : Font names database loaded from /home/fredericb/.texlive/texmf
-var/luatex-cache/generic-dev/names/luaotfload-names.luc)
\c@part=\count163
\c@section=\count164
\c@subsection=\count165
\c@subsubsection=\count166
\c@paragraph=\count167
\c@subparagraph=\count168
\c@figure=\count169
\c@table=\count170
\abovecaptionskip=\skip47
\belowcaptionskip=\skip48
\bibindent=\dimen134
)
(/usr/share/texmf-dist/tex/latex/fontspec/fontspec.sty
(/usr/share/texmf-dist/tex/latex/l3packages/xparse/xparse.sty
(/usr/share/texmf-dist/tex/latex/l3kernel/expl3.sty
Package: expl3 2020-06-03 L3 programming layer (loader) 

(/usr/share/texmf-dist/tex/latex/l3backend/l3backend-pdfmode.def
File: l3backend-pdfmode.def 2020-06-03 L3 backend support: PDF mode
\l__kernel_color_stack_int=\count171
\l__pdf_internal_box=\box45
))
Package: xparse 2020-05-15 L3 Experimental document command parser

(/usr/share/texmf-dist/tex/latex/l3packages/xparse/xparse-generic.tex
\l__xparse_current_arg_int=\count172
\g__xparse_grabber_int=\count173
\l__xparse_m_args_int=\count174
\l__xparse_v_nesting_int=\count175
))
Package: fontspec 2020/02/21 v2.7i Font selection for XeLaTeX and LuaLaTeX
Lua module: fontspec 2020/02/21 2.7i Font selection for XeLaTeX and LuaLaTeX
(/usr/share/texmf-dist/tex/latex/fontspec/fontspec-luatex.sty
Package: fontspec-luatex 2020/02/21 v2.7i Font selection for XeLaTeX and LuaLaTe
X
\l__fontspec_script_int=\count176
\l__fontspec_language_int=\count177
\l__fontspec_strnum_int=\count178
\l__fontspec_tmp_int=\count179
\l__fontspec_tmpa_int=\count180
\l__fontspec_tmpb_int=\count181
\l__fontspec_tmpc_int=\count182
\l__fontspec_em_int=\count183
\l__fontspec_emdef_int=\count184
\l__fontspec_strong_int=\count185
\l__fontspec_strongdef_int=\count186
\l__fontspec_tmpa_dim=\dimen135
\l__fontspec_tmpb_dim=\dimen136
\l__fontspec_tmpc_dim=\dimen137

(/usr/share/texmf-dist/tex/latex/base/fontenc.sty
Package: fontenc 2020/02/11 v2.0o Standard LaTeX package
)
(/usr/share/texmf-dist/tex/latex/fontspec/fontspec.cfg)))
(/usr/share/texmf-dist/tex/latex/titlesec/titlesec.sty
Package: titlesec 2019/10/16 v2.13 Sectioning titles
\ttl@box=\box46
\beforetitleunit=\skip49
\aftertitleunit=\skip50
\ttl@plus=\dimen138
\ttl@minus=\dimen139
\ttl@toksa=\toks15
\titlewidth=\dimen140
\titlewidthlast=\dimen141
\titlewidthfirst=\dimen142
)
(/usr/share/texmf-dist/tex/latex/xcolor/xcolor.sty
Package: xcolor 2016/05/11 v2.12 LaTeX color extensions (UK)

(/usr/share/texmf-dist/tex/latex/graphics-cfg/color.cfg
File: color.cfg 2016/01/02 v1.6 sample color configuration
)
Package xcolor Info: Driver file: luatex.def on input line 225.

(/usr/share/texmf-dist/tex/latex/graphics-def/luatex.def
File: luatex.def 2018/01/08 v1.0l Graphics/color driver for luatex
)
Package xcolor Info: Model `cmy' substituted by `cmy0' on input line 1348.
Package xcolor Info: Model `hsb' substituted by `rgb' on input line 1352.
Package xcolor Info: Model `RGB' extended on input line 1364.
Package xcolor Info: Model `HTML' substituted by `rgb' on input line 1366.
Package xcolor Info: Model `Hsb' substituted by `hsb' on input line 1367.
Package xcolor Info: Model `tHsb' substituted by `hsb' on input line 1368.
Package xcolor Info: Model `HSB' substituted by `hsb' on input line 1369.
Package xcolor Info: Model `Gray' substituted by `gray' on input line 1370.
Package xcolor Info: Model `wave' substituted by `hsb' on input line 1371.
)
(/usr/share/texmf-dist/tex/latex/comment/comment.sty
\CommentStream=\write3

Excluding comment 'comment')
luaotfload | cache : Lookup cache loaded from /home/fredericb/.texlive/texmf-var
/luatex-cache/generic-dev/names/luaotfload-lookup-cache.luc.
luaotfload | aux : font no 28 (nil) defines no feature for script latn
luaotfload | aux : font no 28 (nil) defines no feature for script dflt

Package fontspec Info: Font family 'courier-prime(0)' created for font
(fontspec)             'courier-prime' with options [Ligatures=TeX].
(fontspec)              
(fontspec)              This font family consists of the following NFSS
(fontspec)             series/shapes:
(fontspec)              
(fontspec)             - 'normal' (m/n) with NFSS spec.:
(fontspec)             <->"courier-prime:mode=node;language=dflt;+tlig;"
(fontspec)             - 'small caps'  (m/sc) with NFSS spec.: 
(fontspec)             - 'bold' (b/n) with NFSS spec.:
(fontspec)             <->"courier-prime/B:mode=node;language=dflt;+tlig;"
(fontspec)             - 'bold small caps'  (b/sc) with NFSS spec.: 
(fontspec)             - 'italic' (m/it) with NFSS spec.:
(fontspec)             <->"courier-prime/I:mode=node;language=dflt;+tlig;"
(fontspec)             - 'italic small caps'  (m/scit) with NFSS spec.: 
(fontspec)             - 'bold italic' (b/it) with NFSS spec.:
(fontspec)             <->"courier-prime/BI:mode=node;language=dflt;+tlig;"
(fontspec)             - 'bold italic small caps'  (b/scit) with NFSS spec.: 

 (./whenaxiomsfall.aux)
\openout1 = whenaxiomsfall.aux

LaTeX Font Info:    Checking defaults for OML/cmm/m/it on input line 20.
LaTeX Font Info:    ... okay on input line 20.
LaTeX Font Info:    Checking defaults for OMS/cmsy/m/n on input line 20.
LaTeX Font Info:    ... okay on input line 20.
LaTeX Font Info:    Checking defaults for OT1/cmr/m/n on input line 20.
LaTeX Font Info:    ... okay on input line 20.
LaTeX Font Info:    Checking defaults for T1/cmr/m/n on input line 20.
LaTeX Font Info:    ... okay on input line 20.
LaTeX Font Info:    Checking defaults for TS1/cmr/m/n on input line 20.
LaTeX Font Info:    Trying to load font information for TS1+cmr on input line 20
.

(/usr/share/texmf-dist/tex/latex/base/ts1cmr.fd
File: ts1cmr.fd 2019/12/16 v2.5j Standard LaTeX font definitions
)
LaTeX Font Info:    ... okay on input line 20.
LaTeX Font Info:    Checking defaults for TU/lmr/m/n on input line 20.
LaTeX Font Info:    ... okay on input line 20.
LaTeX Font Info:    Checking defaults for OMX/cmex/m/n on input line 20.
LaTeX Font Info:    ... okay on input line 20.
LaTeX Font Info:    Checking defaults for U/cmr/m/n on input line 20.
LaTeX Font Info:    ... okay on input line 20.

Package fontspec Info: Adjusting the maths setup (use [no-math] to avoid
(fontspec)             this).

\symlegacymaths=\mathgroup4
LaTeX Font Info:    Overwriting symbol font `legacymaths' in version `bold'
(Font)                  OT1/cmr/m/n --> OT1/cmr/bx/n on input line 20.
LaTeX Font Info:    Redeclaring math accent \acute on input line 20.
LaTeX Font Info:    Redeclaring math accent \grave on input line 20.
LaTeX Font Info:    Redeclaring math accent \ddot on input line 20.
LaTeX Font Info:    Redeclaring math accent \tilde on input line 20.
LaTeX Font Info:    Redeclaring math accent \bar on input line 20.
LaTeX Font Info:    Redeclaring math accent \breve on input line 20.
LaTeX Font Info:    Redeclaring math accent \check on input line 20.
LaTeX Font Info:    Redeclaring math accent \hat on input line 20.
LaTeX Font Info:    Redeclaring math accent \dot on input line 20.
LaTeX Font Info:    Redeclaring math accent \mathring on input line 20.
LaTeX Font Info:    Redeclaring math symbol \colon on input line 20.
LaTeX Font Info:    Redeclaring math symbol \Gamma on input line 20.
LaTeX Font Info:    Redeclaring math symbol \Delta on input line 20.
LaTeX Font Info:    Redeclaring math symbol \Theta on input line 20.
LaTeX Font Info:    Redeclaring math symbol \Lambda on input line 20.
LaTeX Font Info:    Redeclaring math symbol \Xi on input line 20.
LaTeX Font Info:    Redeclaring math symbol \Pi on input line 20.
LaTeX Font Info:    Redeclaring math symbol \Sigma on input line 20.
LaTeX Font Info:    Redeclaring math symbol \Upsilon on input line 20.
LaTeX Font Info:    Redeclaring math symbol \Phi on input line 20.
LaTeX Font Info:    Redeclaring math symbol \Psi on input line 20.
LaTeX Font Info:    Redeclaring math symbol \Omega on input line 20.
LaTeX Font Info:    Redeclaring math symbol \mathdollar on input line 20.
LaTeX Font Info:    Redeclaring symbol font `operators' on input line 20.
LaTeX Font Info:    Encoding `OT1' has changed to `TU' for symbol font
(Font)              `operators' in the math version `normal' on input line 20.
LaTeX Font Info:    Overwriting symbol font `operators' in version `normal'
(Font)                  OT1/cmr/m/n --> TU/courier-prime(0)/m/n on input line 20
.
LaTeX Font Info:    Encoding `OT1' has changed to `TU' for symbol font
(Font)              `operators' in the math version `bold' on input line 20.
LaTeX Font Info:    Overwriting symbol font `operators' in version `bold'
(Font)                  OT1/cmr/bx/n --> TU/courier-prime(0)/m/n on input line 2
0.
LaTeX Font Info:    Overwriting symbol font `operators' in version `normal'
(Font)                  TU/courier-prime(0)/m/n --> TU/courier-prime(0)/m/n on i
nput line 20.
LaTeX Font Info:    Overwriting math alphabet `\mathit' in version `normal'
(Font)                  OT1/cmr/m/it --> TU/courier-prime(0)/m/it on input line 
20.
LaTeX Font Info:    Overwriting math alphabet `\mathbf' in version `normal'
(Font)                  OT1/cmr/bx/n --> TU/courier-prime(0)/b/n on input line 2
0.
LaTeX Font Info:    Overwriting math alphabet `\mathsf' in version `normal'
(Font)                  OT1/cmss/m/n --> TU/lmss/m/n on input line 20.
LaTeX Font Info:    Overwriting math alphabet `\mathtt' in version `normal'
(Font)                  OT1/cmtt/m/n --> TU/lmtt/m/n on input line 20.
LaTeX Font Info:    Overwriting symbol font `operators' in version `bold'
(Font)                  TU/courier-prime(0)/m/n --> TU/courier-prime(0)/b/n on i
nput line 20.
LaTeX Font Info:    Overwriting math alphabet `\mathit' in version `bold'
(Font)                  OT1/cmr/bx/it --> TU/courier-prime(0)/b/it on input line
 20.
LaTeX Font Info:    Overwriting math alphabet `\mathsf' in version `bold'
(Font)                  OT1/cmss/bx/n --> TU/lmss/b/n on input line 20.
LaTeX Font Info:    Overwriting math alphabet `\mathtt' in version `bold'
(Font)                  OT1/cmtt/m/n --> TU/lmtt/b/n on input line 20.

(/usr/share/texmf-dist/tex/context/base/mkii/supp-pdf.mkii
[Loading MPS to PDF converter (version 2006.09.02).]
\scratchcounter=\count187
\scratchdimen=\dimen143
\scratchbox=\box47
\nofMPsegments=\count188
\nofMParguments=\count189
\everyMPshowfont=\toks16
\MPscratchCnt=\count190
\MPscratchDim=\dimen144
\MPnumerator=\count191
\makeMPintoPDFobject=\count192
\everyMPtoPDFconversion=\toks17
)
Underfull \hbox (badness 10000) in paragraph at lines 23--25

 []

[1

{/var/lib/texmf/fonts/map/pdftex/updmap/pdftex.map}]
Underfull \hbox (badness 10000) in paragraph at lines 36--46

 []


Underfull \hbox (badness 10000) in paragraph at lines 47--54

 []


Underfull \hbox (badness 10000) in paragraph at lines 55--61

 []

[2

]
Underfull \hbox (badness 10000) in paragraph at lines 67--75

 []


Underfull \hbox (badness 10000) in paragraph at lines 76--88

 []

[3

]
Underfull \hbox (badness 10000) in paragraph at lines 103--118

 []


Underfull \hbox (badness 10000) in paragraph at lines 119--128

 []

[4

]
Underfull \hbox (badness 10000) in paragraph at lines 143--152

 []


Underfull \hbox (badness 10000) in paragraph at lines 153--164

 []

[5

]
Underfull \hbox (badness 10000) in paragraph at lines 176--185

 []


Underfull \hbox (badness 10000) in paragraph at lines 186--198

 []


Underfull \hbox (badness 10000) in paragraph at lines 201--210

 []


Underfull \hbox (badness 10000) in paragraph at lines 211--223

 []

[6

]
Underfull \hbox (badness 10000) in paragraph at lines 227--237

 []


Underfull \hbox (badness 10000) in paragraph at lines 238--244

 []


Underfull \hbox (badness 10000) in paragraph at lines 245--249

 []

[7

]
Underfull \hbox (badness 10000) in paragraph at lines 254--267

 []


Underfull \hbox (badness 10000) in paragraph at lines 268--276

 []


Underfull \hbox (badness 10000) in paragraph at lines 277--285

 []

[8

]
Underfull \hbox (badness 10000) in paragraph at lines 289--300

 []


Underfull \hbox (badness 10000) in paragraph at lines 301--311

 []

[9

]
Underfull \hbox (badness 10000) in paragraph at lines 322--333

 []


Underfull \hbox (badness 10000) in paragraph at lines 334--345

 []


Underfull \hbox (badness 10000) in paragraph at lines 347--355

 []

[10

]
Underfull \hbox (badness 10000) in paragraph at lines 363--372

 []


Underfull \hbox (badness 10000) in paragraph at lines 373--385

 []

[11

]
Underfull \hbox (badness 10000) in paragraph at lines 407--415

 []


Underfull \hbox (badness 10000) in paragraph at lines 416--427

 []


Underfull \hbox (badness 10000) in paragraph at lines 428--432

 []

[12

]
Underfull \hbox (badness 10000) in paragraph at lines 435--440

 []


Underfull \hbox (badness 10000) in paragraph at lines 441--448

 []

[13

]
Underfull \hbox (badness 10000) in paragraph at lines 461--467

 []


Underfull \hbox (badness 10000) in paragraph at lines 468--474

 []

[14

]
Underfull \hbox (badness 10000) in paragraph at lines 486--492

 []


Underfull \hbox (badness 10000) in paragraph at lines 493--501

 []

[15

]
Underfull \hbox (badness 10000) in paragraph at lines 513--519

 []


Underfull \hbox (badness 10000) in paragraph at lines 520--529

 []


Underfull \hbox (badness 10000) in paragraph at lines 530--537

 []

[16

]
Underfull \hbox (badness 10000) in paragraph at lines 543--550

 []


Underfull \hbox (badness 10000) in paragraph at lines 551--558

 []

[17

]
Underfull \hbox (badness 10000) in paragraph at lines 577--582

 []


Underfull \hbox (badness 10000) in paragraph at lines 583--589

 []


Underfull \hbox (badness 10000) in paragraph at lines 590--596

 []

[18

]
Underfull \hbox (badness 10000) in paragraph at lines 600--605

 []


Underfull \hbox (badness 10000) in paragraph at lines 606--611

 []


Underfull \hbox (badness 10000) in paragraph at lines 612--618

 []

[19

]
Underfull \hbox (badness 10000) in paragraph at lines 623--630

 []


Underfull \hbox (badness 10000) in paragraph at lines 631--637

 []

[20

] (./textures.tex
Underfull \hbox (badness 10000) in paragraph at lines 1--11

 []


Underfull \hbox (badness 10000) in paragraph at lines 12--18

 []

)
Underfull \hbox (badness 10000) in paragraph at lines 19--649

 []


Underfull \hbox (badness 10000) in paragraph at lines 650--660

 []


Underfull \hbox (badness 10000) in paragraph at lines 661--667

 []


Underfull \hbox (badness 10000) in paragraph at lines 668--673

 []

[21

] [22]
Underfull \hbox (badness 10000) in paragraph at lines 678--686

 []


Underfull \hbox (badness 10000) in paragraph at lines 687--693

 []


Underfull \hbox (badness 10000) in paragraph at lines 694--703

 []

[23

]
Underfull \hbox (badness 10000) in paragraph at lines 708--713

 []


Underfull \hbox (badness 10000) in paragraph at lines 714--718

 []

[24

] (./trees.tex
Underfull \hbox (badness 10000) in paragraph at lines 1--8

 []


Underfull \hbox (badness 10000) in paragraph at lines 9--15

 []

)
Underfull \hbox (badness 10000) in paragraph at lines 16--729

 []


Underfull \hbox (badness 10000) in paragraph at lines 730--737

 []


Underfull \hbox (badness 10000) in paragraph at lines 738--744

 []


Underfull \hbox (badness 10000) in paragraph at lines 745--749

 []

[25

]
Underfull \hbox (badness 10000) in paragraph at lines 753--758

 []


Underfull \hbox (badness 10000) in paragraph at lines 759--764

 []

[26

]
Underfull \hbox (badness 10000) in paragraph at lines 777--782

 []


Underfull \hbox (badness 10000) in paragraph at lines 783--788

 []


Underfull \hbox (badness 10000) in paragraph at lines 789--793

 []

[27

]
Underfull \hbox (badness 10000) in paragraph at lines 797--801

 []


Underfull \hbox (badness 10000) in paragraph at lines 802--807

 []


Overfull \hbox (5.77148pt too wide) in paragraph at lines 808--815
\TU/courier-prime(0)/m/n/9 and even more so in the one of those who have fi-nall
y found their
 []


Overfull \hbox (5.77148pt too wide) in paragraph at lines 808--815
\TU/courier-prime(0)/m/n/9 across the city there are so many of them, they chant
 your voice,
 []

[28

]
Underfull \hbox (badness 10000) in paragraph at lines 820--827

 []


Underfull \hbox (badness 10000) in paragraph at lines 828--834

 []


Underfull \hbox (badness 10000) in paragraph at lines 836--840

 []

[29

]
Underfull \hbox (badness 10000) in paragraph at lines 845--850

 []


Underfull \hbox (badness 10000) in paragraph at lines 859--866

 []

[30

]
Underfull \hbox (badness 10000) in paragraph at lines 871--876

 []


Overfull \hbox (0.375pt too wide) in paragraph at lines 877--884
\TU/courier-prime(0)/m/n/9 more an-chored, as if life prefers hav-ing some frame
 of ref-er-ence 
 []


Underfull \hbox (badness 10000) in paragraph at lines 877--884

 []


Underfull \hbox (badness 10000) in paragraph at lines 885--891

 []

[31

]
Underfull \hbox (badness 10000) in paragraph at lines 894--899

 []


Underfull \hbox (badness 10000) in paragraph at lines 900--905

 []


Overfull \hbox (16.56445pt too wide) in paragraph at lines 906--914
\TU/courier-prime(0)/m/n/9 we are lack-ing bour-bon and here they sim-ply rip-pl
e and glide slowly 
 []


Underfull \hbox (badness 10000) in paragraph at lines 906--914

 []

[32

]
Overfull \hbox (11.16797pt too wide) in paragraph at lines 920--926
\TU/courier-prime(0)/m/n/9 the big city is far but we have fire and thats prob-a
-bly enough for
 []


Underfull \hbox (badness 10000) in paragraph at lines 920--926

 []


Underfull \hbox (badness 10000) in paragraph at lines 927--931

 []

[33

]
Underfull \hbox (badness 10000) in paragraph at lines 937--943

 []


Underfull \hbox (badness 10000) in paragraph at lines 944--951

 []


Underfull \hbox (badness 10000) in paragraph at lines 952--957

 []

[34

]
./whenaxiomsfall.tex:962: Misplaced alignment tab character &.
l.962 ...ppy one then a sad one, took one more sip &
                                                  \\
I can't figure out why you would want to use a tab mark
here. If you just want an ampersand, the remedy is
simple: Just type `I\&' now. But if some right brace
up above has ended a previous alignment prematurely,
you're probably due for more error messages, and you
might try typing `S' now just to see what is salvageable.


Underfull \hbox (badness 10000) in paragraph at lines 961--968

 []


Underfull \hbox (badness 10000) in paragraph at lines 969--974

 []


Overfull \hbox (5.77148pt too wide) in paragraph at lines 975--982
\TU/courier-prime(0)/m/n/9 didn’t come, the XXth just emerged with a fresh new
 coat of paint 
 []


Underfull \hbox (badness 10000) in paragraph at lines 975--982

 []


Underfull \hbox (badness 10000) in paragraph at lines 992--998

 []

[35

]
Underfull \hbox (badness 10000) in paragraph at lines 999--1004

 []


Underfull \hbox (badness 10000) in paragraph at lines 1007--1015

 []


Underfull \hbox (badness 10000) in paragraph at lines 1017--1022

 []


Underfull \hbox (badness 10000) in paragraph at lines 1031--1035

 []


Underfull \hbox (badness 10000) in paragraph at lines 1036--1040

 []

[36]
Overfull \hbox (0.375pt too wide) in paragraph at lines 1041--1047
\TU/courier-prime(0)/m/n/9 here I am wish-ing for more strangers, more nerve to ag-i-tate this
 []


Underfull \hbox (badness 10000) in paragraph at lines 1041--1047

 []


Underfull \hbox (badness 10000) in paragraph at lines 1051--1057

 []


Underfull \hbox (badness 10000) in paragraph at lines 1058--1064

 []


Overfull \hbox (5.77148pt too wide) in paragraph at lines 1066--1072
\TU/courier-prime(0)/m/n/9 coffee stains and 3 months re-la-tion-ships are the 
stuff of my life 
 []


Overfull \hbox (5.77148pt too wide) in paragraph at lines 1066--1072
\TU/courier-prime(0)/m/n/9 I fig-ured HE would know how to make some-thing beau-
ti-ful out of it 
 []

[37] (./whenaxiomsfall.aux))

Here is how much of LuaTeX's memory you used:
 4318 strings out of 480885
 100000,460012 words of node,token memory allocated
 421 words of node memory still in use:
   3 hlist, 1 vlist, 1 rule, 2 glue, 3 kern, 1 glyph, 4 attribute, 51 glue_spec,
 4 attribute_list, 1 write nodes
   avail lists: 2:137,3:102,4:12,5:27,6:9,7:1609,8:2,9:65,11:60
 21907 multiletter control sequences out of 65536+600000
 42 fonts using 4367931 bytes
 44i,5n,73p,240b,206s stack positions out of 5000i,500n,10000p,200000b,100000s
</usr/share/fonts/TTF/Courier Prime Italic.ttf></usr/share/fonts/TTF/Courier Pri
me Bold.ttf></usr/share/fonts/TTF/Courier Prime.ttf>
Output written on whenaxiomsfall.pdf (37 pages, 86100 bytes).

PDF statistics: 141 PDF objects out of 1000 (max. 8388607)
 92 compressed objects within 1 object stream
 0 named destinations out of 1000 (max. 131072)
 1 words of extra memory for PDF output out of 10000 (max. 100000000)

